生成启动时间为 2018/12/2 20:39:34。
     1>项目“D:\Projects\TreeLayout\TreeLayout\TreeLayout.vcxproj”在节点 2 上(Build 个目标)。
     1>ClCompile:
         C:\Program Files (x86)\Microsoft Visual Studio 12.0\VC\bin\CL.exe /c /I.\GeneratedFiles /I. /IC:\Qt\Qt5.7.0\5.7\msvc2013\include /I.\GeneratedFiles\Debug /IC:\Qt\Qt5.7.0\5.7\msvc2013\include\QtCore /IC:\Qt\Qt5.7.0\5.7\msvc2013\include\QtGui /IC:\Qt\Qt5.7.0\5.7\msvc2013\include\QtANGLE /IC:\Qt\Qt5.7.0\5.7\msvc2013\include\QtWidgets /I"D:\Program Files (x86)\Visual Leak Detector\include" /Zi /nologo /W1 /WX- /MP /Od /Oy- /D UNICODE /D WIN32 /D WIN64 /D QT_DLL /D QT_CORE_LIB /D QT_GUI_LIB /D QT_WIDGETS_LIB /Gm- /EHsc /MDd /GS /fp:precise /Zc:wchar_t /Zc:forScope /Fo"Debug\\" /Fd"Debug\vc120.pdb" /Gd /TP /analyze- /errorReport:prompt CNodeItem.cpp
         CNodeItem.cpp
       Link:
         C:\Program Files (x86)\Microsoft Visual Studio 12.0\VC\bin\link.exe /ERRORREPORT:PROMPT /OUT:"D:\Projects\TreeLayout\Win32\Debug\\TreeLayout.exe" /NOLOGO /LIBPATH:C:\Qt\Qt5.7.0\5.7\msvc2013\lib /LIBPATH:"D:\Program Files (x86)\Visual Leak Detector\lib\Win32" qtmaind.lib Qt5Cored.lib Qt5Guid.lib Qt5Widgetsd.lib kernel32.lib user32.lib gdi32.lib winspool.lib comdlg32.lib advapi32.lib shell32.lib ole32.lib oleaut32.lib uuid.lib odbc32.lib odbccp32.lib /MANIFEST /MANIFESTUAC:"level='asInvoker' uiAccess='false'" /manifest:embed /DEBUG /PDB:"D:\Projects\TreeLayout\Win32\Debug\TreeLayout.pdb" /SUBSYSTEM:WINDOWS /TLBID:1 /DYNAMICBASE /NXCOMPAT /IMPLIB:"D:\Projects\TreeLayout\Win32\Debug\TreeLayout.lib" /MACHINE:X86 /SAFESEH Debug\CLinkItem.obj
         Debug\CMainwindow.obj
         Debug\CNodeItem.obj
         Debug\CTreeLayout.obj
         Debug\CTreeLayoutNode.obj
         Debug\CTreeView.obj
         Debug\main.obj
         Debug\moc_CMainwindow.obj
         Debug\moc_CTreeView.obj
         Debug\qrc_CMainwindow.obj
         TreeLayout.vcxproj -> D:\Projects\TreeLayout\Win32\Debug\TreeLayout.exe
     1>已完成生成项目“D:\Projects\TreeLayout\TreeLayout\TreeLayout.vcxproj”(Build 个目标)的操作。

生成成功。

已用时间 00:00:01.18
