d:\projects\treelayout\treelayout\debug\cnodeitem.obj
d:\projects\treelayout\treelayout\debug\moc_cmainwindow.obj
d:\projects\treelayout\treelayout\debug\clinkitem.obj
d:\projects\treelayout\treelayout\debug\main.obj
d:\projects\treelayout\treelayout\debug\ctreelayout.obj
d:\projects\treelayout\treelayout\debug\ctreelayoutnode.obj
d:\projects\treelayout\treelayout\debug\ctreeview.obj
d:\projects\treelayout\treelayout\debug\qrc_cmainwindow.obj
d:\projects\treelayout\treelayout\debug\cmainwindow.obj
d:\projects\treelayout\treelayout\debug\moc_ctreeview.obj
d:\projects\treelayout\treelayout\debug\vc120.pdb
d:\projects\treelayout\win32\debug\treelayout.ilk
d:\projects\treelayout\win32\debug\treelayout.exe
d:\projects\treelayout\win32\debug\treelayout.pdb
d:\projects\treelayout\treelayout\.\generatedfiles\debug\moc_cmainwindow.cpp
d:\projects\treelayout\treelayout\.\generatedfiles\debug\moc_ctreeview.cpp
d:\projects\treelayout\treelayout\.\generatedfiles\qrc_cmainwindow.cpp
d:\projects\treelayout\treelayout\.\generatedfiles\ui_cmainwindow.h
d:\projects\treelayout\treelayout\generatedfiles\debug\moc_cmainwindow.cpp
d:\projects\treelayout\treelayout\generatedfiles\debug\moc_ctreeview.cpp
d:\projects\treelayout\treelayout\generatedfiles\qrc_cmainwindow.cpp
d:\projects\treelayout\treelayout\generatedfiles\ui_cmainwindow.h
d:\projects\treelayout\treelayout\debug\treelayout.tlog\cl.command.1.tlog
d:\projects\treelayout\treelayout\debug\treelayout.tlog\cl.read.1.tlog
d:\projects\treelayout\treelayout\debug\treelayout.tlog\cl.write.1.tlog
d:\projects\treelayout\treelayout\debug\treelayout.tlog\link.command.1.tlog
d:\projects\treelayout\treelayout\debug\treelayout.tlog\link.read.1.tlog
d:\projects\treelayout\treelayout\debug\treelayout.tlog\link.write.1.tlog
d:\projects\treelayout\treelayout\debug\treelayout.tlog\qtmoc.read.1u.tlog
d:\projects\treelayout\treelayout\debug\treelayout.tlog\qtmoc.write.1u.tlog
d:\projects\treelayout\treelayout\debug\treelayout.tlog\qtrcc.read.1u.tlog
d:\projects\treelayout\treelayout\debug\treelayout.tlog\qtrcc.write.1u.tlog
d:\projects\treelayout\treelayout\debug\treelayout.tlog\qtuic.read.1u.tlog
d:\projects\treelayout\treelayout\debug\treelayout.tlog\qtuic.write.1u.tlog
d:\projects\treelayout\treelayout\debug\treelayout.tlog\treelayout.write.1u.tlog
